promise_log_exists
_stdlib_has_path_service
messages_high_dev1
compiled_on_linux_gnu
_stdlib_path_exists_apt_cache
_stdlib_path_exists_df
_stdlib_has_path_diff
_stdlib_path_exists_init
_stdlib_has_path_crontab
_stdlib_path_exists_apt_config
_stdlib_has_path_tar
_stdlib_has_path_logger
GMT_Q2
smtp_in_high
_stdlib_has_path_df
_stdlib_path_exists_find
_stdlib_has_path_ip
_stdlib_has_path_ethtool
ssh_in_high
_stdlib_has_path_update_rc_d
_stdlib_has_path_pip
_stdlib_has_path_aptitude
_stdlib_has_path_npm
ipv4_192_168_100_3
ipv4_192_168_100
syslog_high_dev1
GMT_Hr4
10_0_2_15
cfengine_out_high
localhost
_stdlib_has_path_cut
GMT_Night
_stdlib_has_path_free
_stdlib_path_exists_svc
Hr04_Q2
ipv4_10_0_2
_stdlib_has_path_grep
_stdlib_path_exists_tar
_stdlib_has_path_svc
_stdlib_path_exists_shadow
_stdlib_path_exists_dpkg
_stdlib_has_path_apt_config
_stdlib_path_exists_hostname
Day9
ipv4_127_0_0_1
_stdlib_path_exists_lsattr
x86_64
entropy_misc_in_low
_stdlib_path_exists_free
_stdlib_has_path_nologin
cpu0_high
cfengine_3_6
GMT_Day9
_stdlib_has_path_apt_key
_stdlib_has_path_init
_stdlib_path_exists_netstat
PK_MD5_46c76285d385fc47d394b9e7a2ebafb9
policy_server
am_policy_hub
192_168_100_3
_stdlib_has_path_echo
_stdlib_path_exists_nologin
entropy_misc_out_low
diskfree_high_microanomaly
syslog_high_dev2
entropy_postgresql_out_low
ipv4_127_0_0
_stdlib_path_exists_sort
Q2
_stdlib_has_path_sed
_stdlib_has_path_cat
diskfree_normal_microanomaly
_stdlib_path_exists_groupadd
_stdlib_has_path_curl
_stdlib_has_path_printf
Hr4
_stdlib_has_path_ping
_stdlib_has_path_dpkg
GMT_Min28
_stdlib_has_path_perl
_stdlib_path_exists_grep
insert_host_inventory_for_192_168_100_3
mac_08_00_27_46_d5_49
_stdlib_path_exists_iptables_save
_stdlib_has_path_bc
_stdlib_has_path_env
_stdlib_has_path_lsattr
linux_x86_64_3_2_0_4_amd64__1_SMP_Debian_3_2_65_1
_stdlib_path_exists_ls
_stdlib_has_path_groupadd
_stdlib_has_path_git
_stdlib_path_exists_echo
net_iface_lo
_stdlib_has_path_test
ipv4_10_0_2_15
64_bit
GMT_Lcycle_2
_stdlib_path_exists_ping
_stdlib_path_exists_perl
_stdlib_has_path_lsof
ipv4_127
_stdlib_path_exists_awk
_stdlib_path_exists_egrep
_stdlib_path_exists_crontabs
_stdlib_has_path_dig
_stdlib_has_path_iptables
GMT_Tuesday
_stdlib_has_path_hostname
_stdlib_has_path_crontabs
_stdlib_path_exists_wget
messages_high_dev2
Lcycle_2
_stdlib_path_exists_ifconfig
GMT_Hr04_Q2
diskfree_high_dev2
127_0_0_1
cfengine_in_high
dir_reports_exists
_stdlib_path_exists_sed
Min25_30
cfengine
_stdlib_path_exists_apt_key
linux_3_2_0_4_amd64
ipv4_10_0
debian_7_8
community_edition
cfengine_3_6_5
Tuesday
cfe_hub
ipv4_10
_stdlib_has_path_apt_cache
_stdlib_has_path_getfacl
net_iface_eth1
_stdlib_path_exists_curl
_stdlib_has_path_wc
debian_7
_stdlib_path_exists_service
otherprocs_high
_stdlib_has_path_sort
_stdlib_path_exists_dig
rootprocs_high_microanomaly
Night
linux
June
fe80__a00_27ff_fe46_d549
diskfree_normal
_stdlib_has_path_realpath
_stdlib_path_exists_iptables
_stdlib_has_path_cksum
1_cpu
enable_cfe_internal_log_rotation
entropy_cfengine_in_low
entropy_ssh_in_high
_stdlib_path_exists_lsof
rootprocs_high
_stdlib_path_exists_useradd
_stdlib_has_path_apt_get
entropy_postgresql_in_low
_stdlib_path_exists_crontab
Yr2015
_stdlib_path_exists_env
_stdlib_has_path_awk
_stdlib_has_path_find
_stdlib_has_path_netstat
_stdlib_path_exists_cksum
inform_mode
_stdlib_path_exists_ip
linux_x86_64_3_2_0_4_amd64
mac_08_00_27_c8_05_f9
_stdlib_path_exists_wc
_stdlib_has_path_systemctl
any
Hr04
_stdlib_has_path_dc
_stdlib_has_path_dmidecode
loadavg_high
_stdlib_has_path_shadow
_stdlib_has_path_domainname
_stdlib_has_path_egrep
_stdlib_path_exists_update_rc_d
_stdlib_path_exists_bc
_stdlib_path_exists_cut
show_software
_stdlib_path_exists_apt_get
ipv4_192
ipv4_192_168
_stdlib_path_exists_aptitude
_stdlib_has_path_iptables_save
GMT_Yr2015
ipv4_127_0
linux_x86_64
_stdlib_has_path_wget
GMT_Hr04
_stdlib_has_path_useradd
rootprocs_normal_microanomaly
entropy_smtp_in_high
_stdlib_path_exists_update_alternatives
fe80__a00_27ff_fec8_5f9
net_iface_eth0
_stdlib_path_exists_dmidecode
_stdlib_has_path_sysctl
_var_cfengine_vacana_host_info_client_reports_kept
GMT_Min25_30
debian
_stdlib_path_exists_logger
_stdlib_has_path_tr
_stdlib_has_path_chkconfig
_stdlib_path_exists_sysctl
entropy_cfengine_out_low
_stdlib_path_exists_cat
_var_cfengine_vacana_host_info_kept
_stdlib_path_exists_printf
_stdlib_path_exists_domainname
agent
_stdlib_path_exists_tr
_stdlib_path_exists_test
GMT_June
_stdlib_has_path_ifconfig
_stdlib_has_path_createrepo
cpu_high
_stdlib_path_exists_diff
_stdlib_has_path_update_alternatives
_stdlib_has_path_ls
_stdlib_path_exists_dc
users_high
Min28
cfengine_3
have_aptitude
